2025-12-09 19:07:09.039 WARNING (SyncWorker_0) [homeassistant.loader] We found a custom integration hacs which has not been tested by Home Assistant. This component might cause stability problems, be sure to disable it if you experience issues with Home Assistant
2025-12-09 19:07:09.040 WARNING (SyncWorker_0) [homeassistant.loader] We found a custom integration mass which has not been tested by Home Assistant. This component might cause stability problems, be sure to disable it if you experience issues with Home Assistant
2025-12-09 19:07:09.040 WARNING (SyncWorker_0) [homeassistant.loader] We found a custom integration bosch which has not been tested by Home Assistant. This component might cause stability problems, be sure to disable it if you experience issues with Home Assistant
2025-12-09 19:07:09.040 WARNING (SyncWorker_0) [homeassistant.loader] We found a custom integration ytube_music_player which has not been tested by Home Assistant. This component might cause stability problems, be sure to disable it if you experience issues with Home Assistant
2025-12-09 19:07:09.041 WARNING (SyncWorker_0) [homeassistant.loader] We found a custom integration browser_mod which has not been tested by Home Assistant. This component might cause stability problems, be sure to disable it if you experience issues with Home Assistant
2025-12-09 19:07:09.041 WARNING (SyncWorker_0) [homeassistant.loader] We found a custom integration alexa_media which has not been tested by Home Assistant. This component might cause stability problems, be sure to disable it if you experience issues with Home Assistant
2025-12-09 19:07:10.392 WARNING (MainThread) [homeassistant.helpers.config_validation] The 'entity_id' option near /config/configuration.yaml:55 is deprecated, please remove it from your configuration
2025-12-09 19:07:10.666 ERROR (MainThread) [homeassistant.config] Invalid config for 'template' at configuration.yaml, line 107: expected a dictionary '', got [{'sensor': [{'unique_id': 'sidebar', 'state': 'template', 'attributes': {'time': '{% set hours = now().strftime(\'%H\') %} {% set minutes = now().strftime(\'%M\') %} <span class="time">\n  {{ hours }}<span class="time-colon">:</span>{{ minutes }}\n</span>\n', 'date': "<font color='#6a7377'><b> {% if strptime(states('sensor.date'), '%Y-%m-%d').day != None %} {% set days = ['Måndag', 'Tisdag', 'Onsdag', 'Torsdag', 'Fredag', 'Lördag', 'Söndag'] %} {% set months = ['Januari', 'Februari', 'Mars',...
2025-12-09 19:07:12.698 ERROR (MainThread) [homeassistant.components.automation] Automation with alias 'Tag Working Desk is scanned' failed to setup actions and has been disabled: Unknown device '9e8b5ede244364654e33e33ee1d0201f'
2025-12-09 19:07:12.702 ERROR (MainThread) [homeassistant.components.automation] Automation with alias 'Turn off workstation' failed to setup triggers and has been disabled: Unknown device '9e8b5ede244364654e33e33ee1d0201f'
2025-12-09 19:07:13.494 WARNING (MainThread) [deebot_client.api_client] Device class "9eamof" not recognized. Please add support for it: {'did': '[REMOVED]', 'name': 'E02536271G1FPP730383', 'class': '9eamof', 'resource': 'QNRbX88e', 'company': 'eco-ng', 'bindTs': 1759498411458, 'service': {'jmq': 'jmq-ngiot-eu.dc.ww.ecouser.net', 'mqs': 'api-ngiot.dc-eu.ww.ecouser.net'}, 'deviceName': 'DEEBOT T80 OMNI', 'icon': 'https://api-app.dc-eu.ww.ecouser.net/api/pim/file/get/678dbcdba37fd12d941e7834', 'ota': True, 'UILogicId': 'keplerse_ww_h_keplerseh5', 'materialNo': '110-2488-0101', 'pid': '6746e1b3b0a67b0840c312c2', 'product_category': 'DEEBOT', 'model': 'KEPLER_SE_BLACK_INT', 'updateInfo': {'needUpdate': False, 'changeLog': ''}, 'nick': 'Kaamwalibai', 'homeId': '68dfcf51b345ca0007d41de2', 'homeSort': 1, 'status': 1, 'btName': 'ECOVACS-9eamof-0383', 'btMac': 'E8:5C:5F:A6:75:87', 'otaUpgrade': {}}
2025-12-09 19:07:13.494 WARNING (MainThread) [homeassistant.components.ecovacs.controller] Device "DEEBOT T80 OMNI" not supported. More information at https://github.com/DeebotUniverse/client.py/issues/612: {'did': '701ff3a3-45f1-4f9c-b8c8-c11dfe072185', 'name': 'E02536271G1FPP730383', 'class': '9eamof', 'resource': 'QNRbX88e', 'company': 'eco-ng', 'bindTs': 1759498411458, 'service': {'jmq': 'jmq-ngiot-eu.dc.ww.ecouser.net', 'mqs': 'api-ngiot.dc-eu.ww.ecouser.net'}, 'deviceName': 'DEEBOT T80 OMNI', 'icon': 'https://api-app.dc-eu.ww.ecouser.net/api/pim/file/get/678dbcdba37fd12d941e7834', 'ota': True, 'UILogicId': 'keplerse_ww_h_keplerseh5', 'materialNo': '110-2488-0101', 'pid': '6746e1b3b0a67b0840c312c2', 'product_category': 'DEEBOT', 'model': 'KEPLER_SE_BLACK_INT', 'updateInfo': {'needUpdate': False, 'changeLog': ''}, 'nick': 'Kaamwalibai', 'homeId': '68dfcf51b345ca0007d41de2', 'homeSort': 1, 'status': 1, 'btName': 'ECOVACS-9eamof-0383', 'btMac': 'E8:5C:5F:A6:75:87', 'otaUpgrade': {}}
2025-12-09 19:08:09.807 WARNING (MainThread) [homeassistant.bootstrap] Waiting on integrations to complete setup: {('mobile_app', '01KC09X9AR6W6E81V2XC6HPB63'): 162875.556955962, ('mobile_app', '01KC206Q7FAEFM2E04N053T8GD'): 162875.558123074}
2025-12-09 19:09:03.701 WARNING (MainThread) [homeassistant.components.bluetooth_le_tracker.device_tracker] No Bluetooth LE devices to track!
2025-12-09 19:09:03.701 ERROR (MainThread) [homeassistant.components.device_tracker] Error setting up platform legacy bluetooth_le_tracker
2025-12-09 19:09:10.287 WARNING (MainThread) [homeassistant.components.group.sensor] Unable to use state. Only numerical states are supported, entity sensor.living_room_ceiling_light_bulb_1_power with value unavailable excluded from calculation in sensor.energy_real_power_sensors_w
2025-12-09 19:09:10.287 WARNING (MainThread) [homeassistant.components.group.sensor] Unable to use state. Only numerical states are supported, entity sensor.living_room_ceiling_light_bulb_2_power with value unavailable excluded from calculation in sensor.energy_real_power_sensors_w
2025-12-09 19:09:10.287 WARNING (MainThread) [homeassistant.components.group.sensor] Unable to use state. Only numerical states are supported, entity sensor.living_room_ceiling_light_bulb_3_power with value unavailable excluded from calculation in sensor.energy_real_power_sensors_w
2025-12-09 19:09:10.288 WARNING (MainThread) [homeassistant.components.group.sensor] Unable to use state. Only numerical states are supported, entity sensor.living_room_ceiling_light_bulb_4_power with value unavailable excluded from calculation in sensor.energy_real_power_sensors_w
2025-12-09 19:09:13.069 ERROR (MainThread) [custom_components.ytube_music_player.media_player] async_get_cipher failed
2025-12-09 19:09:13.069 ERROR (MainThread) [custom_components.ytube_music_player.media_player] can't find header file at /config/.storage/header_YouTube_Music_Player.json
2025-12-09 19:09:13.081 ERROR (SyncWorker_4) [homeassistant] Error doing job: Task exception was never retrieved (None)
Traceback (most recent call last):
  File "/usr/src/homeassistant/homeassistant/components/emulated_hue/__init__.py", line 155, in _start
    await start_emulated_hue_bridge(hass, config, app)
  File "/usr/src/homeassistant/homeassistant/components/emulated_hue/__init__.py", line 98, in start_emulated_hue_bridge
    protocol = await async_create_upnp_datagram_endpoint(
               ^^^^^^^^^^^^^^^^^^^^^^^^^^^^^^^^^^^^^^^^^^
    ...<4 lines>...
    )
    ^
  File "/usr/src/homeassistant/homeassistant/components/emulated_hue/upnp.py", line 162, in async_create_upnp_datagram_endpoint
    ssdp_socket.setsockopt(
    ~~~~~~~~~~~~~~~~~~~~~~^
        socket.SOL_IP, socket.IP_MULTICAST_IF, socket.inet_aton(host_ip_addr)
        ^^^^^^^^^^^^^^^^^^^^^^^^^^^^^^^^^^^^^^^^^^^^^^^^^^^^^^^^^^^^^^^^^^^^^
    )
    ^
OSError: [Errno 99] Address not available
2025-12-09 19:09:13.093 ERROR (MainThread) [homeassistant.components.homekit] HomeKit Room TV ES cannot startup: entity not available: {'exclude_domains': [], 'exclude_entities': [], 'include_domains': [], 'include_entities': ['remote.room_tv'], 'include_entity_globs': [], 'exclude_entity_globs': []}
2025-12-09 19:09:13.094 ERROR (MainThread) [homeassistant.components.homekit] HomeKit Room TV cannot startup: entity not available: {'exclude_domains': [], 'exclude_entities': [], 'include_domains': [], 'include_entities': ['media_player.room_tv_2'], 'include_entity_globs': [], 'exclude_entity_globs': []}
2025-12-09 19:09:13.100 ERROR (MainThread) [homeassistant.components.homekit.util] media_player.xbox does not support any media_player features
2025-12-09 19:09:13.101 ERROR (MainThread) [homeassistant.components.homekit.util] media_player.spotify_bhavya_rupani does not support any media_player features
